<?xml version="1.0" encoding="UTF-8"?>
<!-- Generated by org.testng.reporters.JUnitReportReporter -->
<testsuite hostname="SARAVANANR" failures="0" tests="1" name="GoogleTest.GTest1" time="13.033" errors="0" timestamp="2021-10-26T14:22:49 IST" skipped="0">
  <testcase classname="GoogleTest.GTest1" name="TS001" time="13.033"/>
  <system-out/>
</testsuite> <!-- GoogleTest.GTest1 -->
