<?xml version="1.0" encoding="UTF-8"?>
<!-- Generated by org.testng.reporters.JUnitReportReporter -->
<testsuite hostname="SARAVANANR" failures="0" tests="1" name="GoogleTest.Base" time="4.633" errors="0" timestamp="2021-10-25T16:11:04 IST" skipped="0">
  <testcase classname="GoogleTest.Base" name="BrowserCall" time="4.633"/>
  <system-out/>
</testsuite> <!-- GoogleTest.Base -->
